[debug] [2017-09-06T09:44:15.818Z] ----------------------------------------------------------------------
[debug] [2017-09-06T09:44:15.823Z] Command:       C:\Program Files\nodejs\node.exe C:\Users\mweight\AppData\Roaming\npm\node_modules\firebase-tools\bin\firebase serve
[debug] [2017-09-06T09:44:15.825Z] CLI Version:   3.10.0
[debug] [2017-09-06T09:44:15.825Z] Platform:      win32
[debug] [2017-09-06T09:44:15.826Z] Node Version:  v6.11.3
[debug] [2017-09-06T09:44:15.826Z] Time:          Wed Sep 06 2017 10:44:15 GMT+0100 (GMT Daylight Time)
[debug] [2017-09-06T09:44:15.826Z] ----------------------------------------------------------------------
[debug] 
[debug] [2017-09-06T09:44:15.870Z] > command requires scopes: ["email","openid","https://www.googleapis.com/auth/cloudplatformprojects.readonly","https://www.googleapis.com/auth/firebase","https://www.googleapis.com/auth/cloud-platform"]
[debug] [2017-09-06T09:44:15.871Z] > authorizing via signed-in user
[debug] [2017-09-06T09:44:15.876Z] >>> HTTP REQUEST GET https://admin.firebase.com/v1/projects/nubs2-1c8ca  
 Wed Sep 06 2017 10:44:15 GMT+0100 (GMT Daylight Time)
[debug] [2017-09-06T09:44:16.610Z] <<< HTTP RESPONSE 200
[debug] [2017-09-06T09:44:16.611Z] >>> HTTP REQUEST GET https://admin.firebase.com/v1/database/nubs2-1c8ca/tokens  
 Wed Sep 06 2017 10:44:16 GMT+0100 (GMT Daylight Time)
[debug] [2017-09-06T09:44:17.128Z] <<< HTTP RESPONSE 200
[info] 
[info] === Serving from 'C:\inetpub\wwwroot\nubs2.0'...
[info] 
[debug] [2017-09-06T09:44:17.134Z] >>> HTTP REQUEST GET https://cloudresourcemanager.googleapis.com/v1/projects/nubs2-1c8ca  
 Wed Sep 06 2017 10:44:17 GMT+0100 (GMT Daylight Time)
[debug] [2017-09-06T09:44:17.778Z] <<< HTTP RESPONSE 200
[debug] [2017-09-06T09:44:17.779Z] >>> HTTP REQUEST GET https://mobilesdk-pa.googleapis.com/v1/projects/1044327703187/clients/_:getWebAppConfig  
 Wed Sep 06 2017 10:44:17 GMT+0100 (GMT Daylight Time)
[debug] [2017-09-06T09:44:18.208Z] <<< HTTP RESPONSE 200
[info] i  hosting: Serving hosting files from: app
[info] +  hosting: Local server: http://localhost:5000

